2015-01-07 00:15:00,264 - Log4JLogChute initialized using file '.\target\cucumber-html-reports\velocity.log'
2015-01-07 00:15:00,264 - Initializing Velocity, Calling init()...
2015-01-07 00:15:00,264 - Starting Apache Velocity v1.7 (compiled: 2010-11-19 12:14:37)
2015-01-07 00:15:00,264 - Default Properties File: org\apache\velocity\runtime\defaults\velocity.properties
2015-01-07 00:15:00,264 - Trying to use logger class org.apache.velocity.runtime.log.AvalonLogChute
2015-01-07 00:15:00,264 - Target log system for org.apache.velocity.runtime.log.AvalonLogChute is not available (java.lang.NoClassDefFoundError: org/apache/log/format/Formatter).  Falling back to next log system...
2015-01-07 00:15:00,264 - Trying to use logger class org.apache.velocity.runtime.log.Log4JLogChute
2015-01-07 00:15:00,264 - Using logger class org.apache.velocity.runtime.log.Log4JLogChute
2015-01-07 00:15:00,264 - ResourceLoader instantiated: org.apache.velocity.runtime.resource.loader.ClasspathResourceLoader
2015-01-07 00:15:00,264 - ResourceCache: initialized (class org.apache.velocity.runtime.resource.ResourceCacheImpl) with class java.util.Collections$SynchronizedMap cache map.
2015-01-07 00:15:00,280 - Loaded System Directive: org.apache.velocity.runtime.directive.Stop
2015-01-07 00:15:00,280 - Loaded System Directive: org.apache.velocity.runtime.directive.Define
2015-01-07 00:15:00,280 - Loaded System Directive: org.apache.velocity.runtime.directive.Break
2015-01-07 00:15:00,280 - Loaded System Directive: org.apache.velocity.runtime.directive.Evaluate
2015-01-07 00:15:00,280 - Loaded System Directive: org.apache.velocity.runtime.directive.Literal
2015-01-07 00:15:00,280 - Loaded System Directive: org.apache.velocity.runtime.directive.Macro
2015-01-07 00:15:00,280 - Loaded System Directive: org.apache.velocity.runtime.directive.Parse
2015-01-07 00:15:00,280 - Loaded System Directive: org.apache.velocity.runtime.directive.Include
2015-01-07 00:15:00,280 - Loaded System Directive: org.apache.velocity.runtime.directive.Foreach
2015-01-07 00:15:00,452 - Created '20' parsers.
2015-01-07 00:15:00,467 - Velocimacro : "velocimacro.library" is not set.  Trying default library: VM_global_library.vm
2015-01-07 00:15:00,467 - Could not load resource 'VM_global_library.vm' from ResourceLoader org.apache.velocity.runtime.resource.loader.ClasspathResourceLoader: ClasspathResourceLoader Error: cannot find resource VM_global_library.vm
2015-01-07 00:15:00,467 - Velocimacro : Default library not found.
2015-01-07 00:15:00,467 - Velocimacro : allowInline = true : VMs can be defined inline in templates
2015-01-07 00:15:00,467 - Velocimacro : allowInlineToOverride = false : VMs defined inline may NOT replace previous VM definitions
2015-01-07 00:15:00,467 - Velocimacro : allowInlineLocal = false : VMs defined inline will be global in scope if allowed.
2015-01-07 00:15:00,467 - Velocimacro : autoload off : VM system will not automatically reload global library macros
2015-01-07 00:15:00,498 - ResourceManager : found templates/featureOverview.vm with loader org.apache.velocity.runtime.resource.loader.ClasspathResourceLoader
2015-01-07 00:15:00,576 - ResourceManager : found /templates/tableHeader.vm with loader org.apache.velocity.runtime.resource.loader.ClasspathResourceLoader
2015-01-07 00:15:00,639 - Log4JLogChute initialized using file '.\target\cucumber-html-reports\velocity.log'
2015-01-07 00:15:00,639 - Log4JLogChute initialized using file '.\target\cucumber-html-reports\velocity.log'
2015-01-07 00:15:00,639 - Initializing Velocity, Calling init()...
2015-01-07 00:15:00,639 - Initializing Velocity, Calling init()...
2015-01-07 00:15:00,639 - Starting Apache Velocity v1.7 (compiled: 2010-11-19 12:14:37)
2015-01-07 00:15:00,639 - Starting Apache Velocity v1.7 (compiled: 2010-11-19 12:14:37)
2015-01-07 00:15:00,639 - Default Properties File: org\apache\velocity\runtime\defaults\velocity.properties
2015-01-07 00:15:00,639 - Default Properties File: org\apache\velocity\runtime\defaults\velocity.properties
2015-01-07 00:15:00,639 - Trying to use logger class org.apache.velocity.runtime.log.AvalonLogChute
2015-01-07 00:15:00,639 - Trying to use logger class org.apache.velocity.runtime.log.AvalonLogChute
2015-01-07 00:15:00,639 - Target log system for org.apache.velocity.runtime.log.AvalonLogChute is not available (java.lang.NoClassDefFoundError: org/apache/log/format/Formatter).  Falling back to next log system...
2015-01-07 00:15:00,639 - Target log system for org.apache.velocity.runtime.log.AvalonLogChute is not available (java.lang.NoClassDefFoundError: org/apache/log/format/Formatter).  Falling back to next log system...
2015-01-07 00:15:00,639 - Trying to use logger class org.apache.velocity.runtime.log.Log4JLogChute
2015-01-07 00:15:00,639 - Trying to use logger class org.apache.velocity.runtime.log.Log4JLogChute
2015-01-07 00:15:00,639 - Using logger class org.apache.velocity.runtime.log.Log4JLogChute
2015-01-07 00:15:00,639 - Using logger class org.apache.velocity.runtime.log.Log4JLogChute
2015-01-07 00:15:00,639 - ResourceLoader instantiated: org.apache.velocity.runtime.resource.loader.ClasspathResourceLoader
2015-01-07 00:15:00,639 - ResourceLoader instantiated: org.apache.velocity.runtime.resource.loader.ClasspathResourceLoader
2015-01-07 00:15:00,639 - ResourceCache: initialized (class org.apache.velocity.runtime.resource.ResourceCacheImpl) with class java.util.Collections$SynchronizedMap cache map.
2015-01-07 00:15:00,639 - ResourceCache: initialized (class org.apache.velocity.runtime.resource.ResourceCacheImpl) with class java.util.Collections$SynchronizedMap cache map.
2015-01-07 00:15:00,639 - Loaded System Directive: org.apache.velocity.runtime.directive.Stop
2015-01-07 00:15:00,639 - Loaded System Directive: org.apache.velocity.runtime.directive.Stop
2015-01-07 00:15:00,639 - Loaded System Directive: org.apache.velocity.runtime.directive.Define
2015-01-07 00:15:00,639 - Loaded System Directive: org.apache.velocity.runtime.directive.Define
2015-01-07 00:15:00,639 - Loaded System Directive: org.apache.velocity.runtime.directive.Break
2015-01-07 00:15:00,639 - Loaded System Directive: org.apache.velocity.runtime.directive.Break
2015-01-07 00:15:00,639 - Loaded System Directive: org.apache.velocity.runtime.directive.Evaluate
2015-01-07 00:15:00,639 - Loaded System Directive: org.apache.velocity.runtime.directive.Evaluate
2015-01-07 00:15:00,639 - Loaded System Directive: org.apache.velocity.runtime.directive.Literal
2015-01-07 00:15:00,639 - Loaded System Directive: org.apache.velocity.runtime.directive.Literal
2015-01-07 00:15:00,639 - Loaded System Directive: org.apache.velocity.runtime.directive.Macro
2015-01-07 00:15:00,639 - Loaded System Directive: org.apache.velocity.runtime.directive.Macro
2015-01-07 00:15:00,639 - Loaded System Directive: org.apache.velocity.runtime.directive.Parse
2015-01-07 00:15:00,639 - Loaded System Directive: org.apache.velocity.runtime.directive.Parse
2015-01-07 00:15:00,639 - Loaded System Directive: org.apache.velocity.runtime.directive.Include
2015-01-07 00:15:00,639 - Loaded System Directive: org.apache.velocity.runtime.directive.Include
2015-01-07 00:15:00,639 - Loaded System Directive: org.apache.velocity.runtime.directive.Foreach
2015-01-07 00:15:00,639 - Loaded System Directive: org.apache.velocity.runtime.directive.Foreach
2015-01-07 00:15:00,639 - Created '20' parsers.
2015-01-07 00:15:00,639 - Created '20' parsers.
2015-01-07 00:15:00,639 - Velocimacro : "velocimacro.library" is not set.  Trying default library: VM_global_library.vm
2015-01-07 00:15:00,639 - Velocimacro : "velocimacro.library" is not set.  Trying default library: VM_global_library.vm
2015-01-07 00:15:00,639 - Could not load resource 'VM_global_library.vm' from ResourceLoader org.apache.velocity.runtime.resource.loader.ClasspathResourceLoader: ClasspathResourceLoader Error: cannot find resource VM_global_library.vm
2015-01-07 00:15:00,639 - Could not load resource 'VM_global_library.vm' from ResourceLoader org.apache.velocity.runtime.resource.loader.ClasspathResourceLoader: ClasspathResourceLoader Error: cannot find resource VM_global_library.vm
2015-01-07 00:15:00,639 - Velocimacro : Default library not found.
2015-01-07 00:15:00,639 - Velocimacro : Default library not found.
2015-01-07 00:15:00,639 - Velocimacro : allowInline = true : VMs can be defined inline in templates
2015-01-07 00:15:00,639 - Velocimacro : allowInline = true : VMs can be defined inline in templates
2015-01-07 00:15:00,639 - Velocimacro : allowInlineToOverride = false : VMs defined inline may NOT replace previous VM definitions
2015-01-07 00:15:00,639 - Velocimacro : allowInlineToOverride = false : VMs defined inline may NOT replace previous VM definitions
2015-01-07 00:15:00,639 - Velocimacro : allowInlineLocal = false : VMs defined inline will be global in scope if allowed.
2015-01-07 00:15:00,639 - Velocimacro : allowInlineLocal = false : VMs defined inline will be global in scope if allowed.
2015-01-07 00:15:00,639 - Velocimacro : autoload off : VM system will not automatically reload global library macros
2015-01-07 00:15:00,639 - Velocimacro : autoload off : VM system will not automatically reload global library macros
2015-01-07 00:15:00,639 - ResourceManager : found templates/featureReport.vm with loader org.apache.velocity.runtime.resource.loader.ClasspathResourceLoader
2015-01-07 00:15:00,639 - ResourceManager : found templates/featureReport.vm with loader org.apache.velocity.runtime.resource.loader.ClasspathResourceLoader
2015-01-07 00:15:00,639 - ResourceManager : found /templates/tableHeader.vm with loader org.apache.velocity.runtime.resource.loader.ClasspathResourceLoader
2015-01-07 00:15:00,639 - ResourceManager : found /templates/tableHeader.vm with loader org.apache.velocity.runtime.resource.loader.ClasspathResourceLoader
2015-01-07 00:15:00,654 - Log4JLogChute initialized using file '.\target\cucumber-html-reports\velocity.log'
2015-01-07 00:15:00,654 - Log4JLogChute initialized using file '.\target\cucumber-html-reports\velocity.log'
2015-01-07 00:15:00,654 - Log4JLogChute initialized using file '.\target\cucumber-html-reports\velocity.log'
2015-01-07 00:15:00,654 - Initializing Velocity, Calling init()...
2015-01-07 00:15:00,654 - Initializing Velocity, Calling init()...
2015-01-07 00:15:00,654 - Initializing Velocity, Calling init()...
2015-01-07 00:15:00,654 - Starting Apache Velocity v1.7 (compiled: 2010-11-19 12:14:37)
2015-01-07 00:15:00,654 - Starting Apache Velocity v1.7 (compiled: 2010-11-19 12:14:37)
2015-01-07 00:15:00,654 - Starting Apache Velocity v1.7 (compiled: 2010-11-19 12:14:37)
2015-01-07 00:15:00,654 - Default Properties File: org\apache\velocity\runtime\defaults\velocity.properties
2015-01-07 00:15:00,654 - Default Properties File: org\apache\velocity\runtime\defaults\velocity.properties
2015-01-07 00:15:00,654 - Default Properties File: org\apache\velocity\runtime\defaults\velocity.properties
2015-01-07 00:15:00,654 - Trying to use logger class org.apache.velocity.runtime.log.AvalonLogChute
2015-01-07 00:15:00,654 - Trying to use logger class org.apache.velocity.runtime.log.AvalonLogChute
2015-01-07 00:15:00,654 - Trying to use logger class org.apache.velocity.runtime.log.AvalonLogChute
2015-01-07 00:15:00,654 - Target log system for org.apache.velocity.runtime.log.AvalonLogChute is not available (java.lang.NoClassDefFoundError: org/apache/log/format/Formatter).  Falling back to next log system...
2015-01-07 00:15:00,654 - Target log system for org.apache.velocity.runtime.log.AvalonLogChute is not available (java.lang.NoClassDefFoundError: org/apache/log/format/Formatter).  Falling back to next log system...
2015-01-07 00:15:00,654 - Target log system for org.apache.velocity.runtime.log.AvalonLogChute is not available (java.lang.NoClassDefFoundError: org/apache/log/format/Formatter).  Falling back to next log system...
2015-01-07 00:15:00,654 - Trying to use logger class org.apache.velocity.runtime.log.Log4JLogChute
2015-01-07 00:15:00,654 - Trying to use logger class org.apache.velocity.runtime.log.Log4JLogChute
2015-01-07 00:15:00,654 - Trying to use logger class org.apache.velocity.runtime.log.Log4JLogChute
2015-01-07 00:15:00,654 - Using logger class org.apache.velocity.runtime.log.Log4JLogChute
2015-01-07 00:15:00,654 - Using logger class org.apache.velocity.runtime.log.Log4JLogChute
2015-01-07 00:15:00,654 - Using logger class org.apache.velocity.runtime.log.Log4JLogChute
2015-01-07 00:15:00,654 - ResourceLoader instantiated: org.apache.velocity.runtime.resource.loader.ClasspathResourceLoader
2015-01-07 00:15:00,654 - ResourceLoader instantiated: org.apache.velocity.runtime.resource.loader.ClasspathResourceLoader
2015-01-07 00:15:00,654 - ResourceLoader instantiated: org.apache.velocity.runtime.resource.loader.ClasspathResourceLoader
2015-01-07 00:15:00,654 - ResourceCache: initialized (class org.apache.velocity.runtime.resource.ResourceCacheImpl) with class java.util.Collections$SynchronizedMap cache map.
2015-01-07 00:15:00,654 - ResourceCache: initialized (class org.apache.velocity.runtime.resource.ResourceCacheImpl) with class java.util.Collections$SynchronizedMap cache map.
2015-01-07 00:15:00,654 - ResourceCache: initialized (class org.apache.velocity.runtime.resource.ResourceCacheImpl) with class java.util.Collections$SynchronizedMap cache map.
2015-01-07 00:15:00,654 - Loaded System Directive: org.apache.velocity.runtime.directive.Stop
2015-01-07 00:15:00,654 - Loaded System Directive: org.apache.velocity.runtime.directive.Stop
2015-01-07 00:15:00,654 - Loaded System Directive: org.apache.velocity.runtime.directive.Stop
2015-01-07 00:15:00,654 - Loaded System Directive: org.apache.velocity.runtime.directive.Define
2015-01-07 00:15:00,654 - Loaded System Directive: org.apache.velocity.runtime.directive.Define
2015-01-07 00:15:00,654 - Loaded System Directive: org.apache.velocity.runtime.directive.Define
2015-01-07 00:15:00,654 - Loaded System Directive: org.apache.velocity.runtime.directive.Break
2015-01-07 00:15:00,654 - Loaded System Directive: org.apache.velocity.runtime.directive.Break
2015-01-07 00:15:00,654 - Loaded System Directive: org.apache.velocity.runtime.directive.Break
2015-01-07 00:15:00,654 - Loaded System Directive: org.apache.velocity.runtime.directive.Evaluate
2015-01-07 00:15:00,654 - Loaded System Directive: org.apache.velocity.runtime.directive.Evaluate
2015-01-07 00:15:00,654 - Loaded System Directive: org.apache.velocity.runtime.directive.Evaluate
2015-01-07 00:15:00,654 - Loaded System Directive: org.apache.velocity.runtime.directive.Literal
2015-01-07 00:15:00,654 - Loaded System Directive: org.apache.velocity.runtime.directive.Literal
2015-01-07 00:15:00,654 - Loaded System Directive: org.apache.velocity.runtime.directive.Literal
2015-01-07 00:15:00,654 - Loaded System Directive: org.apache.velocity.runtime.directive.Macro
2015-01-07 00:15:00,654 - Loaded System Directive: org.apache.velocity.runtime.directive.Macro
2015-01-07 00:15:00,654 - Loaded System Directive: org.apache.velocity.runtime.directive.Macro
2015-01-07 00:15:00,654 - Loaded System Directive: org.apache.velocity.runtime.directive.Parse
2015-01-07 00:15:00,654 - Loaded System Directive: org.apache.velocity.runtime.directive.Parse
2015-01-07 00:15:00,654 - Loaded System Directive: org.apache.velocity.runtime.directive.Parse
2015-01-07 00:15:00,654 - Loaded System Directive: org.apache.velocity.runtime.directive.Include
2015-01-07 00:15:00,654 - Loaded System Directive: org.apache.velocity.runtime.directive.Include
2015-01-07 00:15:00,654 - Loaded System Directive: org.apache.velocity.runtime.directive.Include
2015-01-07 00:15:00,654 - Loaded System Directive: org.apache.velocity.runtime.directive.Foreach
2015-01-07 00:15:00,654 - Loaded System Directive: org.apache.velocity.runtime.directive.Foreach
2015-01-07 00:15:00,654 - Loaded System Directive: org.apache.velocity.runtime.directive.Foreach
2015-01-07 00:15:00,654 - Created '20' parsers.
2015-01-07 00:15:00,654 - Created '20' parsers.
2015-01-07 00:15:00,654 - Created '20' parsers.
2015-01-07 00:15:00,654 - Velocimacro : "velocimacro.library" is not set.  Trying default library: VM_global_library.vm
2015-01-07 00:15:00,654 - Velocimacro : "velocimacro.library" is not set.  Trying default library: VM_global_library.vm
2015-01-07 00:15:00,654 - Velocimacro : "velocimacro.library" is not set.  Trying default library: VM_global_library.vm
2015-01-07 00:15:00,654 - Could not load resource 'VM_global_library.vm' from ResourceLoader org.apache.velocity.runtime.resource.loader.ClasspathResourceLoader: ClasspathResourceLoader Error: cannot find resource VM_global_library.vm
2015-01-07 00:15:00,654 - Could not load resource 'VM_global_library.vm' from ResourceLoader org.apache.velocity.runtime.resource.loader.ClasspathResourceLoader: ClasspathResourceLoader Error: cannot find resource VM_global_library.vm
2015-01-07 00:15:00,654 - Could not load resource 'VM_global_library.vm' from ResourceLoader org.apache.velocity.runtime.resource.loader.ClasspathResourceLoader: ClasspathResourceLoader Error: cannot find resource VM_global_library.vm
2015-01-07 00:15:00,654 - Velocimacro : Default library not found.
2015-01-07 00:15:00,654 - Velocimacro : Default library not found.
2015-01-07 00:15:00,654 - Velocimacro : Default library not found.
2015-01-07 00:15:00,654 - Velocimacro : allowInline = true : VMs can be defined inline in templates
2015-01-07 00:15:00,654 - Velocimacro : allowInline = true : VMs can be defined inline in templates
2015-01-07 00:15:00,654 - Velocimacro : allowInline = true : VMs can be defined inline in templates
2015-01-07 00:15:00,654 - Velocimacro : allowInlineToOverride = false : VMs defined inline may NOT replace previous VM definitions
2015-01-07 00:15:00,654 - Velocimacro : allowInlineToOverride = false : VMs defined inline may NOT replace previous VM definitions
2015-01-07 00:15:00,654 - Velocimacro : allowInlineToOverride = false : VMs defined inline may NOT replace previous VM definitions
2015-01-07 00:15:00,654 - Velocimacro : allowInlineLocal = false : VMs defined inline will be global in scope if allowed.
2015-01-07 00:15:00,654 - Velocimacro : allowInlineLocal = false : VMs defined inline will be global in scope if allowed.
2015-01-07 00:15:00,654 - Velocimacro : allowInlineLocal = false : VMs defined inline will be global in scope if allowed.
2015-01-07 00:15:00,654 - Velocimacro : autoload off : VM system will not automatically reload global library macros
2015-01-07 00:15:00,654 - Velocimacro : autoload off : VM system will not automatically reload global library macros
2015-01-07 00:15:00,654 - Velocimacro : autoload off : VM system will not automatically reload global library macros
2015-01-07 00:15:00,670 - ResourceManager : found templates/tagOverview.vm with loader org.apache.velocity.runtime.resource.loader.ClasspathResourceLoader
2015-01-07 00:15:00,670 - ResourceManager : found templates/tagOverview.vm with loader org.apache.velocity.runtime.resource.loader.ClasspathResourceLoader
2015-01-07 00:15:00,670 - ResourceManager : found templates/tagOverview.vm with loader org.apache.velocity.runtime.resource.loader.ClasspathResourceLoader
